<?xml version="1.0" encoding="UTF-8"?>
<!-- Generated by org.testng.reporters.JUnitReportReporter -->
<testsuite skipped="0" hostname="Rohan-Laptop" name="com.rohan.testcases.SearchTour" tests="1" failures="0" timestamp="2019-09-13T20:05:08 PDT" time="0.007" errors="0">
  <testcase name="searchTour" time="0.007" classname="com.rohan.testcases.SearchTour"/>
</testsuite> <!-- com.rohan.testcases.SearchTour -->
