<?xml version="1.0" encoding="UTF-8"?>
<!-- Generated by org.testng.reporters.JUnitReportReporter -->
<testsuite skipped="0" hostname="Rohan-Laptop" name="com.rohan.testcases.SearchHotel" tests="1" failures="0" timestamp="2019-09-20T12:33:03 IST" time="0.003" errors="0">
  <testcase name="searchHotel" time="0.003" classname="com.rohan.testcases.SearchHotel"/>
</testsuite> <!-- com.rohan.testcases.SearchHotel -->
