<?xml version="1.0" encoding="UTF-8"?>
<!-- Generated by org.testng.reporters.JUnitReportReporter -->
<testsuite skipped="0" hostname="Rohan-Laptop" name="com.rohan.testcases.LoginTest" tests="1" failures="0" timestamp="2019-09-16T20:47:16 PDT" time="9.053" errors="0">
  <testcase name="logIn" time="9.053" classname="com.rohan.testcases.LoginTest"/>
</testsuite> <!-- com.rohan.testcases.LoginTest -->
