<?xml version="1.0" encoding="UTF-8"?>
<!-- Generated by org.testng.reporters.JUnitReportReporter -->
<testsuite skipped="0" hostname="Rohan-Laptop" name="com.rohan.testcases.SearchCar" tests="1" failures="0" timestamp="2019-09-13T10:48:20 PDT" time="0.005" errors="0">
  <testcase name="searchCar" time="0.005" classname="com.rohan.testcases.SearchCar"/>
</testsuite> <!-- com.rohan.testcases.SearchCar -->
