<?xml version="1.0" encoding="UTF-8"?>
<!-- Generated by org.testng.reporters.JUnitReportReporter -->
<testsuite skipped="0" hostname="Rohan-Laptop" name="com.rohan.testcases.LogoutTest" tests="1" failures="0" timestamp="2019-09-13T10:48:20 PDT" time="2.397" errors="0">
  <testcase name="logOut" time="2.397" classname="com.rohan.testcases.LogoutTest"/>
</testsuite> <!-- com.rohan.testcases.LogoutTest -->
